<?xml version="1.0" encoding="UTF-8"?>
<robot generator="Robot 4.0.1 (Python 3.8.3 on win32)" generated="20210507 13:33:06.329" rpa="false" schemaversion="2">
<suite id="s1" name="Tests" source="D:\DEV\qaninja-roboweek#5\parodifood\tests">
<suite id="s1-s1" name="Busca" source="D:\DEV\qaninja-roboweek#5\parodifood\tests\busca.robot">
<test id="s1-s1-t1" name="Deve buscar um único restaurante">
<kw name="Start Session" library="base" type="SETUP">
<kw name="New Browser" library="Browser">
<arg>${browser}</arg>
<arg>${headless}</arg>
<tag>BrowserControl</tag>
<tag>Setter</tag>
<doc>Create a new playwright Browser with specified options.
See `Browser, Context and Page` for more information about Browser and related concepts.</doc>
<msg timestamp="20210507 13:33:07.772" level="INFO">{"browser": "chromium", "headless": false, "handleSIGINT": true, "handleSIGTERM": true, "handleSIGHUP": true, "timeout": 30000.0, "devtools": false, "slowMo": 0.0}</msg>
<msg timestamp="20210507 13:33:08.980" level="INFO">Successfully created browser with options: {"browser":"chromium","headless":false,"handleSIGINT":true,"handleSIGTERM":true,"handleSIGHUP":true,"timeout":30000,"devtools":false,"slowMo":0}</msg>
<status status="PASS" starttime="20210507 13:33:07.772" endtime="20210507 13:33:08.980"/>
</kw>
<kw name="Set Viewport Size" library="Browser">
<arg>1920</arg>
<arg>1080</arg>
<tag>BrowserControl</tag>
<tag>Setter</tag>
<doc>Sets current Pages viewport size to specified dimensions.</doc>
<msg timestamp="20210507 13:33:09.004" level="WARN">Keyword 'Take Screenshot' could not be run on failure:
Error: Tried to take screenshot, but no page was open.</msg>
<msg timestamp="20210507 13:33:09.023" level="FAIL">Error: No page open.</msg>
<status status="FAIL" starttime="20210507 13:33:08.980" endtime="20210507 13:33:09.023"/>
</kw>
<kw name="New Page" library="Browser">
<arg>http://parodifood.qaninja.academy/</arg>
<tag>BrowserControl</tag>
<tag>Setter</tag>
<doc>Open a new Page. A Page is the Playwright equivalent to a tab.
See `Browser, Context and Page` for more information about Page concept.
Returns a stable identifier for the created page.</doc>
<status status="NOT RUN" starttime="20210507 13:33:09.024" endtime="20210507 13:33:09.024"/>
</kw>
<kw name="Get Text" library="Browser">
<arg>css=span</arg>
<arg>contains</arg>
<arg>Nunca foi tão engraçado pedir comida</arg>
<tag>Assertion</tag>
<tag>Getter</tag>
<tag>PageContent</tag>
<doc>Returns text attribute of the element found by ``selector``.
See the `Finding elements` section for details about the selectors.</doc>
<status status="NOT RUN" starttime="20210507 13:33:09.024" endtime="20210507 13:33:09.024"/>
</kw>
<status status="FAIL" starttime="20210507 13:33:07.771" endtime="20210507 13:33:09.025"/>
</kw>
<kw name="Take Screenshot" library="Browser" type="TEARDOWN">
<tag>PageContent</tag>
<doc>Takes a screenshot of the current window and saves it to ``path``. Saves it as a png.</doc>
<msg timestamp="20210507 13:33:09.040" level="WARN">Keyword 'Take Screenshot' could not be run on failure:
Error: Tried to take screenshot, but no page was open.</msg>
<msg timestamp="20210507 13:33:09.044" level="FAIL">Error: Tried to take screenshot, but no page was open.</msg>
<status status="FAIL" starttime="20210507 13:33:09.026" endtime="20210507 13:33:09.044">Error: Tried to take screenshot, but no page was open.</status>
</kw>
<status status="FAIL" starttime="20210507 13:33:07.768" endtime="20210507 13:33:09.044">Setup failed:
Error: No page open.

Also teardown failed:
Error: Tried to take screenshot, but no page was open.</status>
</test>
<test id="s1-s1-t2" name="Deve buscar por categoria">
<kw name="Start Session" library="base" type="SETUP">
<kw name="New Browser" library="Browser">
<arg>${browser}</arg>
<arg>${headless}</arg>
<tag>BrowserControl</tag>
<tag>Setter</tag>
<doc>Create a new playwright Browser with specified options.
See `Browser, Context and Page` for more information about Browser and related concepts.</doc>
<msg timestamp="20210507 13:33:09.055" level="INFO">{"browser": "chromium", "headless": false, "handleSIGINT": true, "handleSIGTERM": true, "handleSIGHUP": true, "timeout": 30000.0, "devtools": false, "slowMo": 0.0}</msg>
<msg timestamp="20210507 13:33:09.825" level="INFO">Successfully created browser with options: {"browser":"chromium","headless":false,"handleSIGINT":true,"handleSIGTERM":true,"handleSIGHUP":true,"timeout":30000,"devtools":false,"slowMo":0}</msg>
<status status="PASS" starttime="20210507 13:33:09.054" endtime="20210507 13:33:09.826"/>
</kw>
<kw name="Set Viewport Size" library="Browser">
<arg>1920</arg>
<arg>1080</arg>
<tag>BrowserControl</tag>
<tag>Setter</tag>
<doc>Sets current Pages viewport size to specified dimensions.</doc>
<msg timestamp="20210507 13:33:09.837" level="WARN">Keyword 'Take Screenshot' could not be run on failure:
Error: Tried to take screenshot, but no page was open.</msg>
<msg timestamp="20210507 13:33:09.840" level="FAIL">Error: No page open.</msg>
<status status="FAIL" starttime="20210507 13:33:09.826" endtime="20210507 13:33:09.840"/>
</kw>
<kw name="New Page" library="Browser">
<arg>http://parodifood.qaninja.academy/</arg>
<tag>BrowserControl</tag>
<tag>Setter</tag>
<doc>Open a new Page. A Page is the Playwright equivalent to a tab.
See `Browser, Context and Page` for more information about Page concept.
Returns a stable identifier for the created page.</doc>
<status status="NOT RUN" starttime="20210507 13:33:09.841" endtime="20210507 13:33:09.841"/>
</kw>
<kw name="Get Text" library="Browser">
<arg>css=span</arg>
<arg>contains</arg>
<arg>Nunca foi tão engraçado pedir comida</arg>
<tag>Assertion</tag>
<tag>Getter</tag>
<tag>PageContent</tag>
<doc>Returns text attribute of the element found by ``selector``.
See the `Finding elements` section for details about the selectors.</doc>
<status status="NOT RUN" starttime="20210507 13:33:09.841" endtime="20210507 13:33:09.841"/>
</kw>
<status status="FAIL" starttime="20210507 13:33:09.054" endtime="20210507 13:33:09.842"/>
</kw>
<kw name="Take Screenshot" library="Browser" type="TEARDOWN">
<tag>PageContent</tag>
<doc>Takes a screenshot of the current window and saves it to ``path``. Saves it as a png.</doc>
<msg timestamp="20210507 13:33:09.851" level="WARN">Keyword 'Take Screenshot' could not be run on failure:
Error: Tried to take screenshot, but no page was open.</msg>
<msg timestamp="20210507 13:33:09.853" level="FAIL">Error: Tried to take screenshot, but no page was open.</msg>
<status status="FAIL" starttime="20210507 13:33:09.843" endtime="20210507 13:33:09.854">Error: Tried to take screenshot, but no page was open.</status>
</kw>
<status status="FAIL" starttime="20210507 13:33:09.051" endtime="20210507 13:33:09.854">Setup failed:
Error: No page open.

Also teardown failed:
Error: Tried to take screenshot, but no page was open.</status>
</test>
<test id="s1-s1-t3" name="Deve buscar todos os restaurantes">
<kw name="Start Session" library="base" type="SETUP">
<kw name="New Browser" library="Browser">
<arg>${browser}</arg>
<arg>${headless}</arg>
<tag>BrowserControl</tag>
<tag>Setter</tag>
<doc>Create a new playwright Browser with specified options.
See `Browser, Context and Page` for more information about Browser and related concepts.</doc>
<msg timestamp="20210507 13:33:09.893" level="INFO">{"browser": "chromium", "headless": false, "handleSIGINT": true, "handleSIGTERM": true, "handleSIGHUP": true, "timeout": 30000.0, "devtools": false, "slowMo": 0.0}</msg>
<msg timestamp="20210507 13:33:10.337" level="INFO">Successfully created browser with options: {"browser":"chromium","headless":false,"handleSIGINT":true,"handleSIGTERM":true,"handleSIGHUP":true,"timeout":30000,"devtools":false,"slowMo":0}</msg>
<status status="PASS" starttime="20210507 13:33:09.893" endtime="20210507 13:33:10.338"/>
</kw>
<kw name="Set Viewport Size" library="Browser">
<arg>1920</arg>
<arg>1080</arg>
<tag>BrowserControl</tag>
<tag>Setter</tag>
<doc>Sets current Pages viewport size to specified dimensions.</doc>
<msg timestamp="20210507 13:33:10.348" level="WARN">Keyword 'Take Screenshot' could not be run on failure:
Error: Tried to take screenshot, but no page was open.</msg>
<msg timestamp="20210507 13:33:10.351" level="FAIL">Error: No page open.</msg>
<status status="FAIL" starttime="20210507 13:33:10.338" endtime="20210507 13:33:10.352"/>
</kw>
<kw name="New Page" library="Browser">
<arg>http://parodifood.qaninja.academy/</arg>
<tag>BrowserControl</tag>
<tag>Setter</tag>
<doc>Open a new Page. A Page is the Playwright equivalent to a tab.
See `Browser, Context and Page` for more information about Page concept.
Returns a stable identifier for the created page.</doc>
<status status="NOT RUN" starttime="20210507 13:33:10.352" endtime="20210507 13:33:10.352"/>
</kw>
<kw name="Get Text" library="Browser">
<arg>css=span</arg>
<arg>contains</arg>
<arg>Nunca foi tão engraçado pedir comida</arg>
<tag>Assertion</tag>
<tag>Getter</tag>
<tag>PageContent</tag>
<doc>Returns text attribute of the element found by ``selector``.
See the `Finding elements` section for details about the selectors.</doc>
<status status="NOT RUN" starttime="20210507 13:33:10.352" endtime="20210507 13:33:10.353"/>
</kw>
<status status="FAIL" starttime="20210507 13:33:09.892" endtime="20210507 13:33:10.353"/>
</kw>
<kw name="Take Screenshot" library="Browser" type="TEARDOWN">
<tag>PageContent</tag>
<doc>Takes a screenshot of the current window and saves it to ``path``. Saves it as a png.</doc>
<msg timestamp="20210507 13:33:10.365" level="WARN">Keyword 'Take Screenshot' could not be run on failure:
Error: Tried to take screenshot, but no page was open.</msg>
<msg timestamp="20210507 13:33:10.371" level="FAIL">Error: Tried to take screenshot, but no page was open.</msg>
<status status="FAIL" starttime="20210507 13:33:10.354" endtime="20210507 13:33:10.371">Error: Tried to take screenshot, but no page was open.</status>
</kw>
<status status="FAIL" starttime="20210507 13:33:09.859" endtime="20210507 13:33:10.372">Setup failed:
Error: No page open.

Also teardown failed:
Error: Tried to take screenshot, but no page was open.</status>
</test>
<status status="FAIL" starttime="20210507 13:33:06.368" endtime="20210507 13:33:10.380"/>
</suite>
<suite id="s1-s2" name="Carrinho" source="D:\DEV\qaninja-roboweek#5\parodifood\tests\carrinho.robot">
<test id="s1-s2-t1" name="Deve adicionar um item ao carrinho">
<kw name="Start Session" library="base" type="SETUP">
<kw name="New Browser" library="Browser">
<arg>${browser}</arg>
<arg>${headless}</arg>
<tag>BrowserControl</tag>
<tag>Setter</tag>
<doc>Create a new playwright Browser with specified options.
See `Browser, Context and Page` for more information about Browser and related concepts.</doc>
<msg timestamp="20210507 13:33:10.404" level="INFO">{"browser": "chromium", "headless": false, "handleSIGINT": true, "handleSIGTERM": true, "handleSIGHUP": true, "timeout": 30000.0, "devtools": false, "slowMo": 0.0}</msg>
<msg timestamp="20210507 13:33:10.785" level="INFO">Successfully created browser with options: {"browser":"chromium","headless":false,"handleSIGINT":true,"handleSIGTERM":true,"handleSIGHUP":true,"timeout":30000,"devtools":false,"slowMo":0}</msg>
<status status="PASS" starttime="20210507 13:33:10.404" endtime="20210507 13:33:10.786"/>
</kw>
<kw name="Set Viewport Size" library="Browser">
<arg>1920</arg>
<arg>1080</arg>
<tag>BrowserControl</tag>
<tag>Setter</tag>
<doc>Sets current Pages viewport size to specified dimensions.</doc>
<msg timestamp="20210507 13:33:10.793" level="WARN">Keyword 'Take Screenshot' could not be run on failure:
Error: Tried to take screenshot, but no page was open.</msg>
<msg timestamp="20210507 13:33:10.798" level="FAIL">Error: No page open.</msg>
<status status="FAIL" starttime="20210507 13:33:10.786" endtime="20210507 13:33:10.798"/>
</kw>
<kw name="New Page" library="Browser">
<arg>http://parodifood.qaninja.academy/</arg>
<tag>BrowserControl</tag>
<tag>Setter</tag>
<doc>Open a new Page. A Page is the Playwright equivalent to a tab.
See `Browser, Context and Page` for more information about Page concept.
Returns a stable identifier for the created page.</doc>
<status status="NOT RUN" starttime="20210507 13:33:10.799" endtime="20210507 13:33:10.799"/>
</kw>
<kw name="Get Text" library="Browser">
<arg>css=span</arg>
<arg>contains</arg>
<arg>Nunca foi tão engraçado pedir comida</arg>
<tag>Assertion</tag>
<tag>Getter</tag>
<tag>PageContent</tag>
<doc>Returns text attribute of the element found by ``selector``.
See the `Finding elements` section for details about the selectors.</doc>
<status status="NOT RUN" starttime="20210507 13:33:10.799" endtime="20210507 13:33:10.800"/>
</kw>
<status status="FAIL" starttime="20210507 13:33:10.403" endtime="20210507 13:33:10.800"/>
</kw>
<kw name="Take Screenshot" library="Browser" type="TEARDOWN">
<tag>PageContent</tag>
<doc>Takes a screenshot of the current window and saves it to ``path``. Saves it as a png.</doc>
<msg timestamp="20210507 13:33:10.812" level="WARN">Keyword 'Take Screenshot' could not be run on failure:
Error: Tried to take screenshot, but no page was open.</msg>
<msg timestamp="20210507 13:33:10.815" level="FAIL">Error: Tried to take screenshot, but no page was open.</msg>
<status status="FAIL" starttime="20210507 13:33:10.801" endtime="20210507 13:33:10.815">Error: Tried to take screenshot, but no page was open.</status>
</kw>
<status status="FAIL" starttime="20210507 13:33:10.399" endtime="20210507 13:33:10.816">Setup failed:
Error: No page open.

Also teardown failed:
Error: Tried to take screenshot, but no page was open.</status>
</test>
<test id="s1-s2-t2" name="Deve adicionar três itens ao carrinho">
<kw name="Start Session" library="base" type="SETUP">
<kw name="New Browser" library="Browser">
<arg>${browser}</arg>
<arg>${headless}</arg>
<tag>BrowserControl</tag>
<tag>Setter</tag>
<doc>Create a new playwright Browser with specified options.
See `Browser, Context and Page` for more information about Browser and related concepts.</doc>
<msg timestamp="20210507 13:33:10.831" level="INFO">{"browser": "chromium", "headless": false, "handleSIGINT": true, "handleSIGTERM": true, "handleSIGHUP": true, "timeout": 30000.0, "devtools": false, "slowMo": 0.0}</msg>
<msg timestamp="20210507 13:33:11.384" level="INFO">Successfully created browser with options: {"browser":"chromium","headless":false,"handleSIGINT":true,"handleSIGTERM":true,"handleSIGHUP":true,"timeout":30000,"devtools":false,"slowMo":0}</msg>
<status status="PASS" starttime="20210507 13:33:10.830" endtime="20210507 13:33:11.384"/>
</kw>
<kw name="Set Viewport Size" library="Browser">
<arg>1920</arg>
<arg>1080</arg>
<tag>BrowserControl</tag>
<tag>Setter</tag>
<doc>Sets current Pages viewport size to specified dimensions.</doc>
<msg timestamp="20210507 13:33:11.394" level="WARN">Keyword 'Take Screenshot' could not be run on failure:
Error: Tried to take screenshot, but no page was open.</msg>
<msg timestamp="20210507 13:33:11.398" level="FAIL">Error: No page open.</msg>
<status status="FAIL" starttime="20210507 13:33:11.384" endtime="20210507 13:33:11.398"/>
</kw>
<kw name="New Page" library="Browser">
<arg>http://parodifood.qaninja.academy/</arg>
<tag>BrowserControl</tag>
<tag>Setter</tag>
<doc>Open a new Page. A Page is the Playwright equivalent to a tab.
See `Browser, Context and Page` for more information about Page concept.
Returns a stable identifier for the created page.</doc>
<status status="NOT RUN" starttime="20210507 13:33:11.398" endtime="20210507 13:33:11.398"/>
</kw>
<kw name="Get Text" library="Browser">
<arg>css=span</arg>
<arg>contains</arg>
<arg>Nunca foi tão engraçado pedir comida</arg>
<tag>Assertion</tag>
<tag>Getter</tag>
<tag>PageContent</tag>
<doc>Returns text attribute of the element found by ``selector``.
See the `Finding elements` section for details about the selectors.</doc>
<status status="NOT RUN" starttime="20210507 13:33:11.399" endtime="20210507 13:33:11.399"/>
</kw>
<status status="FAIL" starttime="20210507 13:33:10.829" endtime="20210507 13:33:11.400"/>
</kw>
<kw name="Take Screenshot" library="Browser" type="TEARDOWN">
<tag>PageContent</tag>
<doc>Takes a screenshot of the current window and saves it to ``path``. Saves it as a png.</doc>
<msg timestamp="20210507 13:33:11.417" level="WARN">Keyword 'Take Screenshot' could not be run on failure:
Error: Tried to take screenshot, but no page was open.</msg>
<msg timestamp="20210507 13:33:11.421" level="FAIL">Error: Tried to take screenshot, but no page was open.</msg>
<status status="FAIL" starttime="20210507 13:33:11.402" endtime="20210507 13:33:11.421">Error: Tried to take screenshot, but no page was open.</status>
</kw>
<tag>temp</tag>
<status status="FAIL" starttime="20210507 13:33:10.823" endtime="20210507 13:33:11.421">Setup failed:
Error: No page open.

Also teardown failed:
Error: Tried to take screenshot, but no page was open.</status>
</test>
<status status="FAIL" starttime="20210507 13:33:10.385" endtime="20210507 13:33:11.428"/>
</suite>
<suite id="s1-s3" name="Pedido" source="D:\DEV\qaninja-roboweek#5\parodifood\tests\pedido.robot">
<test id="s1-s3-t1" name="Deve realizar um novo pedido em dinheiro">
<kw name="Start Session" library="base" type="SETUP">
<kw name="New Browser" library="Browser">
<arg>${browser}</arg>
<arg>${headless}</arg>
<tag>BrowserControl</tag>
<tag>Setter</tag>
<doc>Create a new playwright Browser with specified options.
See `Browser, Context and Page` for more information about Browser and related concepts.</doc>
<msg timestamp="20210507 13:33:11.464" level="INFO">{"browser": "chromium", "headless": false, "handleSIGINT": true, "handleSIGTERM": true, "handleSIGHUP": true, "timeout": 30000.0, "devtools": false, "slowMo": 0.0}</msg>
<msg timestamp="20210507 13:33:11.926" level="INFO">Successfully created browser with options: {"browser":"chromium","headless":false,"handleSIGINT":true,"handleSIGTERM":true,"handleSIGHUP":true,"timeout":30000,"devtools":false,"slowMo":0}</msg>
<status status="PASS" starttime="20210507 13:33:11.463" endtime="20210507 13:33:11.926"/>
</kw>
<kw name="Set Viewport Size" library="Browser">
<arg>1920</arg>
<arg>1080</arg>
<tag>BrowserControl</tag>
<tag>Setter</tag>
<doc>Sets current Pages viewport size to specified dimensions.</doc>
<msg timestamp="20210507 13:33:11.938" level="WARN">Keyword 'Take Screenshot' could not be run on failure:
Error: Tried to take screenshot, but no page was open.</msg>
<msg timestamp="20210507 13:33:11.942" level="FAIL">Error: No page open.</msg>
<status status="FAIL" starttime="20210507 13:33:11.926" endtime="20210507 13:33:11.942"/>
</kw>
<kw name="New Page" library="Browser">
<arg>http://parodifood.qaninja.academy/</arg>
<tag>BrowserControl</tag>
<tag>Setter</tag>
<doc>Open a new Page. A Page is the Playwright equivalent to a tab.
See `Browser, Context and Page` for more information about Page concept.
Returns a stable identifier for the created page.</doc>
<status status="NOT RUN" starttime="20210507 13:33:11.942" endtime="20210507 13:33:11.942"/>
</kw>
<kw name="Get Text" library="Browser">
<arg>css=span</arg>
<arg>contains</arg>
<arg>Nunca foi tão engraçado pedir comida</arg>
<tag>Assertion</tag>
<tag>Getter</tag>
<tag>PageContent</tag>
<doc>Returns text attribute of the element found by ``selector``.
See the `Finding elements` section for details about the selectors.</doc>
<status status="NOT RUN" starttime="20210507 13:33:11.943" endtime="20210507 13:33:11.943"/>
</kw>
<status status="FAIL" starttime="20210507 13:33:11.463" endtime="20210507 13:33:11.944"/>
</kw>
<kw name="Take Screenshot" library="Browser" type="TEARDOWN">
<tag>PageContent</tag>
<doc>Takes a screenshot of the current window and saves it to ``path``. Saves it as a png.</doc>
<msg timestamp="20210507 13:33:11.955" level="WARN">Keyword 'Take Screenshot' could not be run on failure:
Error: Tried to take screenshot, but no page was open.</msg>
<msg timestamp="20210507 13:33:11.961" level="FAIL">Error: Tried to take screenshot, but no page was open.</msg>
<status status="FAIL" starttime="20210507 13:33:11.946" endtime="20210507 13:33:11.961">Error: Tried to take screenshot, but no page was open.</status>
</kw>
<status status="FAIL" starttime="20210507 13:33:11.458" endtime="20210507 13:33:11.962">Setup failed:
Error: No page open.

Also teardown failed:
Error: Tried to take screenshot, but no page was open.</status>
</test>
<status status="FAIL" starttime="20210507 13:33:11.436" endtime="20210507 13:33:11.972"/>
</suite>
<status status="FAIL" starttime="20210507 13:33:06.332" endtime="20210507 13:33:11.983"/>
</suite>
<statistics>
<total>
<stat pass="0" fail="6" skip="0">All Tests</stat>
</total>
<tag>
<stat pass="0" fail="1" skip="0">temp</stat>
</tag>
<suite>
<stat pass="0" fail="6" skip="0" id="s1" name="Tests">Tests</stat>
<stat pass="0" fail="3" skip="0" id="s1-s1" name="Busca">Tests.Busca</stat>
<stat pass="0" fail="2" skip="0" id="s1-s2" name="Carrinho">Tests.Carrinho</stat>
<stat pass="0" fail="1" skip="0" id="s1-s3" name="Pedido">Tests.Pedido</stat>
</suite>
</statistics>
<errors>
<msg timestamp="20210507 13:33:09.004" level="WARN">Keyword 'Take Screenshot' could not be run on failure:
Error: Tried to take screenshot, but no page was open.</msg>
<msg timestamp="20210507 13:33:09.040" level="WARN">Keyword 'Take Screenshot' could not be run on failure:
Error: Tried to take screenshot, but no page was open.</msg>
<msg timestamp="20210507 13:33:09.837" level="WARN">Keyword 'Take Screenshot' could not be run on failure:
Error: Tried to take screenshot, but no page was open.</msg>
<msg timestamp="20210507 13:33:09.851" level="WARN">Keyword 'Take Screenshot' could not be run on failure:
Error: Tried to take screenshot, but no page was open.</msg>
<msg timestamp="20210507 13:33:10.348" level="WARN">Keyword 'Take Screenshot' could not be run on failure:
Error: Tried to take screenshot, but no page was open.</msg>
<msg timestamp="20210507 13:33:10.365" level="WARN">Keyword 'Take Screenshot' could not be run on failure:
Error: Tried to take screenshot, but no page was open.</msg>
<msg timestamp="20210507 13:33:10.793" level="WARN">Keyword 'Take Screenshot' could not be run on failure:
Error: Tried to take screenshot, but no page was open.</msg>
<msg timestamp="20210507 13:33:10.812" level="WARN">Keyword 'Take Screenshot' could not be run on failure:
Error: Tried to take screenshot, but no page was open.</msg>
<msg timestamp="20210507 13:33:11.394" level="WARN">Keyword 'Take Screenshot' could not be run on failure:
Error: Tried to take screenshot, but no page was open.</msg>
<msg timestamp="20210507 13:33:11.417" level="WARN">Keyword 'Take Screenshot' could not be run on failure:
Error: Tried to take screenshot, but no page was open.</msg>
<msg timestamp="20210507 13:33:11.938" level="WARN">Keyword 'Take Screenshot' could not be run on failure:
Error: Tried to take screenshot, but no page was open.</msg>
<msg timestamp="20210507 13:33:11.955" level="WARN">Keyword 'Take Screenshot' could not be run on failure:
Error: Tried to take screenshot, but no page was open.</msg>
</errors>
</robot>
